Blue app/heat/build/app/intermediates/manifest_merge_blame_file/release/processReleaseMainManifest/manifest-merger-blame-release-report.txt
1<?xml version="1.0" encoding="utf-8"?>
2<manifest xmlns:android="http://schemas.android.com/apk/res/android"
3    package="com.harara.app"
4    android:versionCode="1"
5    android:versionName="1.0.0" >
6
7    <uses-sdk
8        android:minSdkVersion="26"
9        android:targetSdkVersion="35" />
10
11    <uses-permission android:name="android.permission.INTERNET" />
11-->src\main\AndroidManifest.xml:3:5-67
11-->src\main\AndroidManifest.xml:3:22-64
12    <uses-permission android:name="android.permission.VIBRATE" />
12-->src\main\AndroidManifest.xml:4:5-66
12-->src\main\AndroidManifest.xml:4:22-63
13    <uses-permission android:name="android.permission.RECEIVE_BOOT_COMPLETED" />
13-->src\main\AndroidManifest.xml:5:5-80
13-->src\main\AndroidManifest.xml:5:22-78
14    <uses-permission android:name="android.permission.WAKE_LOCK" />
14-->src\main\AndroidManifest.xml:6:5-68
14-->src\main\AndroidManifest.xml:6:22-65
15    <uses-permission android:name="android.permission.CAMERA" />
15-->src\main\AndroidManifest.xml:7:5-65
15-->src\main\AndroidManifest.xml:7:22-62
16    <uses-permission android:name="android.permission.READ_EXTERNAL_STORAGE" />
16-->src\main\AndroidManifest.xml:8:5-80
16-->src\main\AndroidManifest.xml:8:22-77
17    <uses-permission android:name="android.permission.WRITE_EXTERNAL_STORAGE" />
17-->src\main\AndroidManifest.xml:9:5-81
17-->src\main\AndroidManifest.xml:9:22-78
18    <uses-permission android:name="android.permission.ACCESS_FINE_LOCATION" />
18-->src\main\AndroidManifest.xml:10:5-79
18-->src\main\AndroidManifest.xml:10:22-76
19    <uses-permission android:name="android.permission.ACCESS_COARSE_LOCATION" />
19-->src\main\AndroidManifest.xml:11:5-81
19-->src\main\AndroidManifest.xml:11:22-78
20    <uses-permission android:name="android.permission.ACCESS_NETWORK_STATE" /> <!-- Permissions options for the `notification` group -->
20-->[:connectivity_plus] AndroidManifest.xml:7:5-79
20-->[:connectivity_plus] AndroidManifest.xml:7:22-76
21    <uses-permission android:name="android.permission.POST_NOTIFICATIONS" /> <!-- Required by older versions of Google Play services to create IID tokens -->
21-->[:firebase_messaging] AndroidManifest.xml:11:5-77
21-->[:firebase_messaging] AndroidManifest.xml:11:22-74
22    <uses-permission android:name="com.google.android.c2dm.permission.RECEIVE" />
22-->[com.google.firebase:firebase-messaging:25.0.1] AndroidManifest.xml:26:5-82
22-->[com.google.firebase:firebase-messaging:25.0.1] AndroidManifest.xml:26:22-79
23    <uses-permission android:name="com.google.android.finsky.permission.BIND_GET_INSTALL_REFERRER_SERVICE" />
23-->[com.google.android.gms:play-services-measurement:23.0.0] AndroidManifest.xml:26:5-110
23-->[com.google.android.gms:play-services-measurement:23.0.0] AndroidManifest.xml:26:22-107
24    <uses-permission android:name="com.google.android.gms.permission.AD_ID" />
24-->[com.google.android.gms:play-services-measurement-api:23.0.0] AndroidManifest.xml:25:5-79
24-->[com.google.android.gms:play-services-measurement-api:23.0.0] AndroidManifest.xml:25:22-76
25    <uses-permission android:name="android.permission.ACCESS_ADSERVICES_ATTRIBUTION" />
25-->[com.google.android.gms:play-services-measurement-api:23.0.0] AndroidManifest.xml:26:5-88
25-->[com.google.android.gms:play-services-measurement-api:23.0.0] AndroidManifest.xml:26:22-85
26    <uses-permission android:name="android.permission.ACCESS_ADSERVICES_AD_ID" />
26-->[com.google.android.gms:play-services-measurement-api:23.0.0] AndroidManifest.xml:27:5-82
26-->[com.google.android.gms:play-services-measurement-api:23.0.0] AndroidManifest.xml:27:22-79
27    <uses-permission android:name="com.google.android.providers.gsf.permission.READ_GSERVICES" />
27-->[com.google.android.recaptcha:recaptcha:18.6.1] AndroidManifest.xml:9:5-98
27-->[com.google.android.recaptcha:recaptcha:18.6.1] AndroidManifest.xml:9:22-95
28
29    <permission
29-->[androidx.core:core:1.13.1] AndroidManifest.xml:22:5-24:47
30        android:name="com.harara.app.DYNAMIC_RECEIVER_NOT_EXPORTED_PERMISSION"
30-->[androidx.core:core:1.13.1] AndroidManifest.xml:23:9-81
31        android:protectionLevel="signature" />
31-->[androidx.core:core:1.13.1] AndroidManifest.xml:24:9-44
32
33    <uses-permission android:name="com.harara.app.DYNAMIC_RECEIVER_NOT_EXPORTED_PERMISSION" />
33-->[androidx.core:core:1.13.1] AndroidManifest.xml:26:5-97
33-->[androidx.core:core:1.13.1] AndroidManifest.xml:26:22-94
34
35    <application
36        android:name="android.app.Application"
36-->src\main\AndroidManifest.xml:15:9-42
37        android:appComponentFactory="androidx.core.app.CoreComponentFactory"
37-->[androidx.core:core:1.13.1] AndroidManifest.xml:28:18-86
38        android:extractNativeLibs="false"
39        android:icon="@mipmap/ic_launcher"
39-->src\main\AndroidManifest.xml:16:9-43
40        android:label="Harara" >
40-->src\main\AndroidManifest.xml:14:9-31
41        <activity
41-->src\main\AndroidManifest.xml:18:9-42:20
42            android:name="com.harara.app.MainActivity"
42-->src\main\AndroidManifest.xml:19:13-41
43            android:configChanges="orientation|keyboardHidden|keyboard|screenSize|smallestScreenSize|locale|layoutDirection|fontScale|screenLayout|density|uiMode"
43-->src\main\AndroidManifest.xml:23:13-163
44            android:exported="true"
44-->src\main\AndroidManifest.xml:20:13-36
45            android:hardwareAccelerated="true"
45-->src\main\AndroidManifest.xml:24:13-47
46            android:launchMode="singleTop"
46-->src\main\AndroidManifest.xml:21:13-43
47            android:theme="@style/LaunchTheme"
47-->src\main\AndroidManifest.xml:22:13-47
48            android:windowSoftInputMode="adjustResize" >
48-->src\main\AndroidManifest.xml:25:13-55
49            <meta-data
49-->src\main\AndroidManifest.xml:27:13-30:17
50                android:name="io.flutter.embedding.android.NormalTheme"
50-->src\main\AndroidManifest.xml:28:15-70
51                android:resource="@style/NormalTheme" />
51-->src\main\AndroidManifest.xml:29:15-52
52
53            <intent-filter android:autoVerify="true" >
53-->src\main\AndroidManifest.xml:32:13-35:29
53-->src\main\AndroidManifest.xml:32:28-53
54                <action android:name="android.intent.action.MAIN" />
54-->src\main\AndroidManifest.xml:33:17-68
54-->src\main\AndroidManifest.xml:33:25-66
55
56                <category android:name="android.intent.category.LAUNCHER" />
56-->src\main\AndroidManifest.xml:34:17-76
56-->src\main\AndroidManifest.xml:34:27-74
57            </intent-filter>
58
59            <!-- Intent filter for notification taps -->
60            <intent-filter>
60-->src\main\AndroidManifest.xml:38:13-41:29
61                <action android:name="FLUTTER_NOTIFICATION_CLICK" />
61-->src\main\AndroidManifest.xml:39:17-69
61-->src\main\AndroidManifest.xml:39:25-66
62
63                <category android:name="android.intent.category.DEFAULT" />
63-->src\main\AndroidManifest.xml:40:17-76
63-->src\main\AndroidManifest.xml:40:27-73
64            </intent-filter>
65        </activity>
66
67        <!-- Firebase Messaging Service -->
68        <service
68-->src\main\AndroidManifest.xml:45:9-51:19
69            android:name="io.flutter.plugins.firebase.messaging.FlutterFirebaseMessagingService"
69-->src\main\AndroidManifest.xml:46:13-97
70            android:exported="false" >
70-->src\main\AndroidManifest.xml:47:13-37
71            <intent-filter>
71-->src\main\AndroidManifest.xml:48:13-50:29
72                <action android:name="com.google.firebase.MESSAGING_EVENT" />
72-->src\main\AndroidManifest.xml:49:17-78
72-->src\main\AndroidManifest.xml:49:25-75
73            </intent-filter>
74        </service>
75
76        <meta-data
76-->src\main\AndroidManifest.xml:53:9-55:33
77            android:name="flutterEmbedding"
77-->src\main\AndroidManifest.xml:54:13-44
78            android:value="2" />
78-->src\main\AndroidManifest.xml:55:13-30
79
80        <!-- Default notification channel -->
81        <meta-data
81-->src\main\AndroidManifest.xml:58:9-60:47
82            android:name="com.google.firebase.messaging.default_notification_channel_id"
82-->src\main\AndroidManifest.xml:59:13-89
83            android:value="heatwave_alerts" />
83-->src\main\AndroidManifest.xml:60:13-44
84
85        <!-- Default notification icon -->
86        <meta-data
86-->src\main\AndroidManifest.xml:63:9-65:62
87            android:name="com.google.firebase.messaging.default_notification_icon"
87-->src\main\AndroidManifest.xml:64:13-83
88            android:resource="@drawable/ic_alert_moderate" />
88-->src\main\AndroidManifest.xml:65:13-59
89
90        <!-- Default notification color -->
91        <meta-data
91-->src\main\AndroidManifest.xml:68:9-70:60
92            android:name="com.google.firebase.messaging.default_notification_color"
92-->src\main\AndroidManifest.xml:69:13-84
93            android:resource="@color/notification_color" />
93-->src\main\AndroidManifest.xml:70:13-57
94
95        <service
95-->[:cloud_firestore] AndroidManifest.xml:8:9-12:19
96            android:name="com.google.firebase.components.ComponentDiscoveryService"
96-->[:cloud_firestore] AndroidManifest.xml:8:18-89
97            android:directBootAware="true"
97-->[com.google.firebase:firebase-common:22.0.1] AndroidManifest.xml:32:13-43
98            android:exported="false" >
98-->[com.google.firebase:firebase-auth:24.0.1] AndroidManifest.xml:68:13-37
99            <meta-data
99-->[:cloud_firestore] AndroidManifest.xml:9:13-11:85
100                android:name="com.google.firebase.components:io.flutter.plugins.firebase.firestore.FlutterFirebaseFirestoreRegistrar"
100-->[:cloud_firestore] AndroidManifest.xml:10:17-134
101                android:value="com.google.firebase.components.ComponentRegistrar" />
101-->[:cloud_firestore] AndroidManifest.xml:11:17-82
102            <meta-data
102-->[:firebase_auth] AndroidManifest.xml:9:13-11:85
103                android:name="com.google.firebase.components:io.flutter.plugins.firebase.auth.FlutterFirebaseAuthRegistrar"
103-->[:firebase_auth] AndroidManifest.xml:10:17-124
104                android:value="com.google.firebase.components.ComponentRegistrar" />
104-->[:firebase_auth] AndroidManifest.xml:11:17-82
105            <meta-data
105-->[:firebase_messaging] AndroidManifest.xml:36:13-38:85
106                android:name="com.google.firebase.components:io.flutter.plugins.firebase.messaging.FlutterFirebaseAppRegistrar"
106-->[:firebase_messaging] AndroidManifest.xml:37:17-128
107                android:value="com.google.firebase.components.ComponentRegistrar" />
107-->[:firebase_messaging] AndroidManifest.xml:38:17-82
108            <meta-data
108-->[:firebase_storage] AndroidManifest.xml:9:13-11:85
109                android:name="com.google.firebase.components:io.flutter.plugins.firebase.storage.FlutterFirebaseAppRegistrar"
109-->[:firebase_storage] AndroidManifest.xml:10:17-126
110                android:value="com.google.firebase.components.ComponentRegistrar" />
110-->[:firebase_storage] AndroidManifest.xml:11:17-82
111            <meta-data
111-->[:firebase_core] AndroidManifest.xml:9:13-11:85
112                android:name="com.google.firebase.components:io.flutter.plugins.firebase.core.FlutterFirebaseCoreRegistrar"
112-->[:firebase_core] AndroidManifest.xml:10:17-124
113                android:value="com.google.firebase.components.ComponentRegistrar" />
113-->[:firebase_core] AndroidManifest.xml:11:17-82
114            <meta-data
114-->[com.google.firebase:firebase-auth:24.0.1] AndroidManifest.xml:69:13-71:85
115                android:name="com.google.firebase.components:com.google.firebase.auth.FirebaseAuthRegistrar"
115-->[com.google.firebase:firebase-auth:24.0.1] AndroidManifest.xml:70:17-109
116                android:value="com.google.firebase.components.ComponentRegistrar" />
116-->[com.google.firebase:firebase-auth:24.0.1] AndroidManifest.xml:71:17-82
117            <meta-data
117-->[com.google.firebase:firebase-firestore:26.0.2] AndroidManifest.xml:17:13-19:85
118                android:name="com.google.firebase.components:com.google.firebase.firestore.FirebaseFirestoreKtxRegistrar"
118-->[com.google.firebase:firebase-firestore:26.0.2] AndroidManifest.xml:18:17-122
119                android:value="com.google.firebase.components.ComponentRegistrar" />
119-->[com.google.firebase:firebase-firestore:26.0.2] AndroidManifest.xml:19:17-82
120            <meta-data
120-->[com.google.firebase:firebase-firestore:26.0.2] AndroidManifest.xml:20:13-22:85
121                android:name="com.google.firebase.components:com.google.firebase.firestore.FirestoreRegistrar"
121-->[com.google.firebase:firebase-firestore:26.0.2] AndroidManifest.xml:21:17-111
122                android:value="com.google.firebase.components.ComponentRegistrar" />
122-->[com.google.firebase:firebase-firestore:26.0.2] AndroidManifest.xml:22:17-82
123            <meta-data
123-->[com.google.firebase:firebase-messaging:25.0.1] AndroidManifest.xml:57:13-59:85
124                android:name="com.google.firebase.components:com.google.firebase.messaging.FirebaseMessagingKtxRegistrar"
124-->[com.google.firebase:firebase-messaging:25.0.1] AndroidManifest.xml:58:17-122
125                android:value="com.google.firebase.components.ComponentRegistrar" />
125-->[com.google.firebase:firebase-messaging:25.0.1] AndroidManifest.xml:59:17-82
126            <meta-data
126-->[com.google.firebase:firebase-messaging:25.0.1] AndroidManifest.xml:60:13-62:85
127                android:name="com.google.firebase.components:com.google.firebase.messaging.FirebaseMessagingRegistrar"
127-->[com.google.firebase:firebase-messaging:25.0.1] AndroidManifest.xml:61:17-119
128                android:value="com.google.firebase.components.ComponentRegistrar" />
128-->[com.google.firebase:firebase-messaging:25.0.1] AndroidManifest.xml:62:17-82
129            <meta-data
129-->[com.google.android.gms:play-services-measurement-api:23.0.0] AndroidManifest.xml:33:13-35:85
130                android:name="com.google.firebase.components:com.google.firebase.analytics.connector.internal.AnalyticsConnectorRegistrar"
130-->[com.google.android.gms:play-services-measurement-api:23.0.0] AndroidManifest.xml:34:17-139
131                android:value="com.google.firebase.components.ComponentRegistrar" />
131-->[com.google.android.gms:play-services-measurement-api:23.0.0] AndroidManifest.xml:35:17-82
132            <meta-data
132-->[com.google.firebase:firebase-storage:22.0.1] AndroidManifest.xml:30:13-32:85
133                android:name="com.google.firebase.components:com.google.firebase.storage.FirebaseStorageKtxRegistrar"
133-->[com.google.firebase:firebase-storage:22.0.1] AndroidManifest.xml:31:17-118
134                android:value="com.google.firebase.components.ComponentRegistrar" />
134-->[com.google.firebase:firebase-storage:22.0.1] AndroidManifest.xml:32:17-82
135            <meta-data
135-->[com.google.firebase:firebase-storage:22.0.1] AndroidManifest.xml:33:13-35:85
136                android:name="com.google.firebase.components:com.google.firebase.storage.StorageRegistrar"
136-->[com.google.firebase:firebase-storage:22.0.1] AndroidManifest.xml:34:17-107
137                android:value="com.google.firebase.components.ComponentRegistrar" />
137-->[com.google.firebase:firebase-storage:22.0.1] AndroidManifest.xml:35:17-82
138            <meta-data
138-->[com.google.firebase:firebase-installations:19.0.1] AndroidManifest.xml:15:13-17:85
139                android:name="com.google.firebase.components:com.google.firebase.installations.FirebaseInstallationsKtxRegistrar"
139-->[com.google.firebase:firebase-installations:19.0.1] AndroidManifest.xml:16:17-130
140                android:value="com.google.firebase.components.ComponentRegistrar" />
140-->[com.google.firebase:firebase-installations:19.0.1] AndroidManifest.xml:17:17-82
141            <meta-data
141-->[com.google.firebase:firebase-installations:19.0.1] AndroidManifest.xml:18:13-20:85
142                android:name="com.google.firebase.components:com.google.firebase.installations.FirebaseInstallationsRegistrar"
142-->[com.google.firebase:firebase-installations:19.0.1] AndroidManifest.xml:19:17-127
143                android:value="com.google.firebase.components.ComponentRegistrar" />
143-->[com.google.firebase:firebase-installations:19.0.1] AndroidManifest.xml:20:17-82
144            <meta-data
144-->[com.google.firebase:firebase-common:22.0.1] AndroidManifest.xml:35:13-37:85
145                android:name="com.google.firebase.components:com.google.firebase.FirebaseCommonKtxRegistrar"
145-->[com.google.firebase:firebase-common:22.0.1] AndroidManifest.xml:36:17-109
146                android:value="com.google.firebase.components.ComponentRegistrar" />
146-->[com.google.firebase:firebase-common:22.0.1] AndroidManifest.xml:37:17-82
147            <meta-data
147-->[com.google.firebase:firebase-appcheck:19.0.1] AndroidManifest.xml:25:13-27:85
148                android:name="com.google.firebase.components:com.google.firebase.appcheck.FirebaseAppCheckKtxRegistrar"
148-->[com.google.firebase:firebase-appcheck:19.0.1] AndroidManifest.xml:26:17-120
149                android:value="com.google.firebase.components.ComponentRegistrar" />
149-->[com.google.firebase:firebase-appcheck:19.0.1] AndroidManifest.xml:27:17-82
150            <meta-data
150-->[com.google.firebase:firebase-appcheck:19.0.1] AndroidManifest.xml:28:13-30:85
151                android:name="com.google.firebase.components:com.google.firebase.appcheck.FirebaseAppCheckRegistrar"
151-->[com.google.firebase:firebase-appcheck:19.0.1] AndroidManifest.xml:29:17-117
152                android:value="com.google.firebase.components.ComponentRegistrar" />
152-->[com.google.firebase:firebase-appcheck:19.0.1] AndroidManifest.xml:30:17-82
153            <meta-data
153-->[com.google.firebase:firebase-datatransport:18.2.0] AndroidManifest.xml:25:13-27:85
154                android:name="com.google.firebase.components:com.google.firebase.datatransport.TransportRegistrar"
154-->[com.google.firebase:firebase-datatransport:18.2.0] AndroidManifest.xml:26:17-115
155                android:value="com.google.firebase.components.ComponentRegistrar" />
155-->[com.google.firebase:firebase-datatransport:18.2.0] AndroidManifest.xml:27:17-82
156        </service>
157        <service
157-->[:firebase_messaging] AndroidManifest.xml:14:9-17:72
158            android:name="io.flutter.plugins.firebase.messaging.FlutterFirebaseMessagingBackgroundService"
158-->[:firebase_messaging] AndroidManifest.xml:15:13-107
159            android:exported="false"
159-->[:firebase_messaging] AndroidManifest.xml:16:13-37
160            android:permission="android.permission.BIND_JOB_SERVICE" />
160-->[:firebase_messaging] AndroidManifest.xml:17:13-69
161
162        <receiver
162-->[:firebase_messaging] AndroidManifest.xml:26:9-33:20
163            android:name="io.flutter.plugins.firebase.messaging.FlutterFirebaseMessagingReceiver"
163-->[:firebase_messaging] AndroidManifest.xml:27:13-98
164            android:exported="true"
164-->[:firebase_messaging] AndroidManifest.xml:28:13-36
165            android:permission="com.google.android.c2dm.permission.SEND" >
165-->[:firebase_messaging] AndroidManifest.xml:29:13-73
166            <intent-filter>
166-->[:firebase_messaging] AndroidManifest.xml:30:13-32:29
167                <action android:name="com.google.android.c2dm.intent.RECEIVE" />
167-->[:firebase_messaging] AndroidManifest.xml:31:17-81
167-->[:firebase_messaging] AndroidManifest.xml:31:25-78
168            </intent-filter>
169        </receiver>
170
171        <provider
171-->[:firebase_messaging] AndroidManifest.xml:41:9-45:38
172            android:name="io.flutter.plugins.firebase.messaging.FlutterFirebaseMessagingInitProvider"
172-->[:firebase_messaging] AndroidManifest.xml:42:13-102
173            android:authorities="com.harara.app.flutterfirebasemessaginginitprovider"
173-->[:firebase_messaging] AndroidManifest.xml:43:13-88
174            android:exported="false"
174-->[:firebase_messaging] AndroidManifest.xml:44:13-37
175            android:initOrder="99" />
175-->[:firebase_messaging] AndroidManifest.xml:45:13-35
176        <provider
176-->[:image_picker_android] AndroidManifest.xml:9:9-17:20
177            android:name="io.flutter.plugins.imagepicker.ImagePickerFileProvider"
177-->[:image_picker_android] AndroidManifest.xml:10:13-82
178            android:authorities="com.harara.app.flutter.image_provider"
178-->[:image_picker_android] AndroidManifest.xml:11:13-74
179            android:exported="false"
179-->[:image_picker_android] AndroidManifest.xml:12:13-37
180            android:grantUriPermissions="true" >
180-->[:image_picker_android] AndroidManifest.xml:13:13-47
181            <meta-data
181-->[:image_picker_android] AndroidManifest.xml:14:13-16:75
182                android:name="android.support.FILE_PROVIDER_PATHS"
182-->[:image_picker_android] AndroidManifest.xml:15:17-67
183                android:resource="@xml/flutter_image_picker_file_paths" />
183-->[:image_picker_android] AndroidManifest.xml:16:17-72
184        </provider> <!-- Trigger Google Play services to install the backported photo picker module. -->
185        <service
185-->[:image_picker_android] AndroidManifest.xml:19:9-31:19
186            android:name="com.google.android.gms.metadata.ModuleDependencies"
186-->[:image_picker_android] AndroidManifest.xml:20:13-78
187            android:enabled="false"
187-->[:image_picker_android] AndroidManifest.xml:21:13-36
188            android:exported="false" >
188-->[:image_picker_android] AndroidManifest.xml:22:13-37
189            <intent-filter>
189-->[:image_picker_android] AndroidManifest.xml:24:13-26:29
190                <action android:name="com.google.android.gms.metadata.MODULE_DEPENDENCIES" />
190-->[:image_picker_android] AndroidManifest.xml:25:17-94
190-->[:image_picker_android] AndroidManifest.xml:25:25-91
191            </intent-filter>
192
193            <meta-data
193-->[:image_picker_android] AndroidManifest.xml:28:13-30:36
194                android:name="photopicker_activity:0:required"
194-->[:image_picker_android] AndroidManifest.xml:29:17-63
195                android:value="" />
195-->[:image_picker_android] AndroidManifest.xml:30:17-33
196        </service>
197        <service
197-->[:location] AndroidManifest.xml:11:9-15:56
198            android:name="com.lyokone.location.FlutterLocationService"
198-->[:location] AndroidManifest.xml:12:13-71
199            android:enabled="true"
199-->[:location] AndroidManifest.xml:13:13-35
200            android:exported="false"
200-->[:location] AndroidManifest.xml:14:13-37
201            android:foregroundServiceType="location" />
201-->[:location] AndroidManifest.xml:15:13-53
202
203        <activity
203-->[:url_launcher_android] AndroidManifest.xml:8:9-11:74
204            android:name="io.flutter.plugins.urllauncher.WebViewActivity"
204-->[:url_launcher_android] AndroidManifest.xml:9:13-74
205            android:exported="false"
205-->[:url_launcher_android] AndroidManifest.xml:10:13-37
206            android:theme="@android:style/Theme.NoTitleBar.Fullscreen" />
206-->[:url_launcher_android] AndroidManifest.xml:11:13-71
207        <activity
207-->[com.google.firebase:firebase-auth:24.0.1] AndroidManifest.xml:29:9-46:20
208            android:name="com.google.firebase.auth.internal.GenericIdpActivity"
208-->[com.google.firebase:firebase-auth:24.0.1] AndroidManifest.xml:30:13-80
209            android:excludeFromRecents="true"
209-->[com.google.firebase:firebase-auth:24.0.1] AndroidManifest.xml:31:13-46
210            android:exported="true"
210-->[com.google.firebase:firebase-auth:24.0.1] AndroidManifest.xml:32:13-36
211            android:launchMode="singleTask"
211-->[com.google.firebase:firebase-auth:24.0.1] AndroidManifest.xml:33:13-44
212            android:theme="@android:style/Theme.Translucent.NoTitleBar" >
212-->[com.google.firebase:firebase-auth:24.0.1] AndroidManifest.xml:34:13-72
213            <intent-filter>
213-->[com.google.firebase:firebase-auth:24.0.1] AndroidManifest.xml:35:13-45:29
214                <action android:name="android.intent.action.VIEW" />
214-->[com.google.firebase:firebase-auth:24.0.1] AndroidManifest.xml:36:17-69
214-->[com.google.firebase:firebase-auth:24.0.1] AndroidManifest.xml:36:25-66
215
216                <category android:name="android.intent.category.DEFAULT" />
216-->src\main\AndroidManifest.xml:40:17-76
216-->src\main\AndroidManifest.xml:40:27-73
217                <category android:name="android.intent.category.BROWSABLE" />
217-->[com.google.firebase:firebase-auth:24.0.1] AndroidManifest.xml:39:17-78
217-->[com.google.firebase:firebase-auth:24.0.1] AndroidManifest.xml:39:27-75
218
219                <data
219-->[com.google.firebase:firebase-auth:24.0.1] AndroidManifest.xml:41:17-44:51
220                    android:host="firebase.auth"
220-->[com.google.firebase:firebase-auth:24.0.1] AndroidManifest.xml:42:21-49
221                    android:path="/"
221-->[com.google.firebase:firebase-auth:24.0.1] AndroidManifest.xml:43:21-37
222                    android:scheme="genericidp" />
222-->[com.google.firebase:firebase-auth:24.0.1] AndroidManifest.xml:44:21-48
223            </intent-filter>
224        </activity>
225        <activity
225-->[com.google.firebase:firebase-auth:24.0.1] AndroidManifest.xml:47:9-64:20
226            android:name="com.google.firebase.auth.internal.RecaptchaActivity"
226-->[com.google.firebase:firebase-auth:24.0.1] AndroidManifest.xml:48:13-79
227            android:excludeFromRecents="true"
227-->[com.google.firebase:firebase-auth:24.0.1] AndroidManifest.xml:49:13-46
228            android:exported="true"
228-->[com.google.firebase:firebase-auth:24.0.1] AndroidManifest.xml:50:13-36
229            android:launchMode="singleTask"
229-->[com.google.firebase:firebase-auth:24.0.1] AndroidManifest.xml:51:13-44
230            android:theme="@android:style/Theme.Translucent.NoTitleBar" >
230-->[com.google.firebase:firebase-auth:24.0.1] AndroidManifest.xml:52:13-72
231            <intent-filter>
231-->[com.google.firebase:firebase-auth:24.0.1] AndroidManifest.xml:53:13-63:29
232                <action android:name="android.intent.action.VIEW" />
232-->[com.google.firebase:firebase-auth:24.0.1] AndroidManifest.xml:36:17-69
232-->[com.google.firebase:firebase-auth:24.0.1] AndroidManifest.xml:36:25-66
233
234                <category android:name="android.intent.category.DEFAULT" />
234-->src\main\AndroidManifest.xml:40:17-76
234-->src\main\AndroidManifest.xml:40:27-73
235                <category android:name="android.intent.category.BROWSABLE" />
235-->[com.google.firebase:firebase-auth:24.0.1] AndroidManifest.xml:39:17-78
235-->[com.google.firebase:firebase-auth:24.0.1] AndroidManifest.xml:39:27-75
236
237                <data
237-->[com.google.firebase:firebase-auth:24.0.1] AndroidManifest.xml:41:17-44:51
238                    android:host="firebase.auth"
238-->[com.google.firebase:firebase-auth:24.0.1] AndroidManifest.xml:42:21-49
239                    android:path="/"
239-->[com.google.firebase:firebase-auth:24.0.1] AndroidManifest.xml:43:21-37
240                    android:scheme="recaptcha" />
240-->[com.google.firebase:firebase-auth:24.0.1] AndroidManifest.xml:44:21-48
241            </intent-filter>
242        </activity>
243
244        <receiver
244-->[com.google.firebase:firebase-messaging:25.0.1] AndroidManifest.xml:29:9-40:20
245            android:name="com.google.firebase.iid.FirebaseInstanceIdReceiver"
245-->[com.google.firebase:firebase-messaging:25.0.1] AndroidManifest.xml:30:13-78
246            android:exported="true"
246-->[com.google.firebase:firebase-messaging:25.0.1] AndroidManifest.xml:31:13-36
247            android:permission="com.google.android.c2dm.permission.SEND" >
247-->[com.google.firebase:firebase-messaging:25.0.1] AndroidManifest.xml:32:13-73
248            <intent-filter>
248-->[:firebase_messaging] AndroidManifest.xml:30:13-32:29
249                <action android:name="com.google.android.c2dm.intent.RECEIVE" />
249-->[:firebase_messaging] AndroidManifest.xml:31:17-81
249-->[:firebase_messaging] AndroidManifest.xml:31:25-78
250            </intent-filter>
251
252            <meta-data
252-->[com.google.firebase:firebase-messaging:25.0.1] AndroidManifest.xml:37:13-39:40
253                android:name="com.google.android.gms.cloudmessaging.FINISHED_AFTER_HANDLED"
253-->[com.google.firebase:firebase-messaging:25.0.1] AndroidManifest.xml:38:17-92
254                android:value="true" />
254-->[com.google.firebase:firebase-messaging:25.0.1] AndroidManifest.xml:39:17-37
255        </receiver>
256        <!--
257             FirebaseMessagingService performs security checks at runtime,
258             but set to not exported to explicitly avoid allowing another app to call it.
259        -->
260        <service
260-->[com.google.firebase:firebase-messaging:25.0.1] AndroidManifest.xml:46:9-53:19
261            android:name="com.google.firebase.messaging.FirebaseMessagingService"
261-->[com.google.firebase:firebase-messaging:25.0.1] AndroidManifest.xml:47:13-82
262            android:directBootAware="true"
262-->[com.google.firebase:firebase-messaging:25.0.1] AndroidManifest.xml:48:13-43
263            android:exported="false" >
263-->[com.google.firebase:firebase-messaging:25.0.1] AndroidManifest.xml:49:13-37
264            <intent-filter android:priority="-500" >
264-->src\main\AndroidManifest.xml:48:13-50:29
265                <action android:name="com.google.firebase.MESSAGING_EVENT" />
265-->src\main\AndroidManifest.xml:49:17-78
265-->src\main\AndroidManifest.xml:49:25-75
266            </intent-filter>
267        </service>
268        <service
268-->[androidx.credentials:credentials-play-services-auth:1.2.0-rc01] AndroidManifest.xml:24:9-32:19